0 info it worked if it ends with ok
1 verbose cli [ 'c:\\Users\\Michał\\Desktop\\JavaScript\\node.exe',
1 verbose cli   'c:\\Users\\Michał\\Desktop\\JavaScript\\node_modules\\npm\\bin\\npm-cli.js',
1 verbose cli   'start' ]
2 info using npm@1.4.28
3 info using node@v0.10.36
4 verbose run-script [ 'prestart', 'start', 'poststart' ]
5 info prestart mastermind@0.1.0
6 info start mastermind@0.1.0
7 verbose unsafe-perm in lifecycle true
8 info mastermind@0.1.0 Failed to exec start script
9 error mastermind@0.1.0 start: `node app`
9 error Exit status 8
10 error Failed at the mastermind@0.1.0 start script.
10 error This is most likely a problem with the mastermind package,
10 error not with npm itself.
10 error Tell the author that this fails on your system:
10 error     node app
10 error You can get their info via:
10 error     npm owner ls mastermind
10 error There is likely additional logging output above.
11 error System Windows_NT 6.1.7601
12 error command "c:\\Users\\Michał\\Desktop\\JavaScript\\node.exe" "c:\\Users\\Michał\\Desktop\\JavaScript\\node_modules\\npm\\bin\\npm-cli.js" "start"
13 error cwd c:\Users\Michał\Desktop\JS\Mastermind JS\mastermind
14 error node -v v0.10.36
15 error npm -v 1.4.28
16 error code ELIFECYCLE
17 verbose exit [ 1, true ]
